<?xml version="1.0" encoding="UTF-8"?>
<testng-results ignored="29" total="40" passed="10" failed="1" skipped="0">
  <reporter-output>
    <line>
      <![CDATA[organisation is created]]>
    </line>
    <line>
      <![CDATA[organisation name is successfully edited]]>
    </line>
    <line>
      <![CDATA[Organisation is successfully deleted]]>
    </line>
    <line>
      <![CDATA[contact is created]]>
    </line>
    <line>
      <![CDATA[last name is edited]]>
    </line>
    <line>
      <![CDATA[contact is deleted]]>
    </line>
    <line>
      <![CDATA[Lead is created]]>
    </line>
    <line>
      <![CDATA[Lead last name is edited]]>
    </line>
    <line>
      <![CDATA[Lead is deleted]]>
    </line>
    <line>
      <![CDATA[Campaign is created]]>
    </line>
    <line>
      <![CDATA[Campaign is edited]]>
    </line>
    <line>
      <![CDATA[Campaign is deleted]]>
    </line>
    <line>
      <![CDATA[Organisation is created]]>
    </line>
    <line>
      <![CDATA[Organisation is edited successfully]]>
    </line>
    <line>
      <![CDATA[Organisation is deleted successfully]]>
    </line>
    <line>
      <![CDATA[Organisation is created]]>
    </line>
    <line>
      <![CDATA[Organisation is edited successfully]]>
    </line>
    <line>
      <![CDATA[Organisation is deleted successfully]]>
    </line>
    <line>
      <![CDATA[Product is created]]>
    </line>
    <line>
      <![CDATA[Product is edited successfully]]>
    </line>
    <line>
      <![CDATA[Product is deleted successfully]]>
    </line>
    <line>
      <![CDATA[contact is created]]>
    </line>
    <line>
      <![CDATA[contact is edited successfully]]>
    </line>
    <line>
      <![CDATA[contact is deleted successfully]]>
    </line>
    <line>
      <![CDATA[Product is successfully created]]>
    </line>
    <line>
      <![CDATA[product is successfully edited]]>
    </line>
    <line>
      <![CDATA[product is successfully deleted]]>
    </line>
    <line>
      <![CDATA[Vendor is successfully created]]>
    </line>
    <line>
      <![CDATA[Vendor is successfully edited]]>
    </line>
    <line>
      <![CDATA[Vendor is successfully Deleted]]>
    </line>
  </reporter-output>
  <suite started-at="2023-02-07T15:54:57 IST" name="Suite" finished-at="2023-02-07T15:59:58 IST" duration-ms="300920">
    <groups>
    </groups>
    <test started-at="2023-02-07T15:54:57 IST" name="Test" finished-at="2023-02-07T15:59:58 IST" duration-ms="300920">
      <class name="com.crm.SalesProduct.CreateEditDeleteProduct">
        <test-method is-config="true" signature="launchTheBrowser()[pri:0, instance:com.crm.SalesProduct.CreateEditDeleteProduct@6e0f5f7f]" started-at="2023-02-07T15:58:20 IST" name="launchTheBrowser" finished-at="2023-02-07T15:58:23 IST" duration-ms="3123" status="PASS">
          <reporter-output>
          </reporter-output>
        </test-method> <!-- launchTheBrowser -->
        <test-method is-config="true" signature="loginToAppln()[pri:0, instance:com.crm.SalesProduct.CreateEditDeleteProduct@6e0f5f7f]" started-at="2023-02-07T15:58:23 IST" name="loginToAppln" finished-at="2023-02-07T15:58:26 IST" duration-ms="3168" status="PASS">
          <reporter-output>
          </reporter-output>
        </test-method> <!-- loginToAppln -->
        <test-method signature="createEditDeleteProduct()[pri:0, instance:com.crm.SalesProduct.CreateEditDeleteProduct@6e0f5f7f]" started-at="2023-02-07T15:58:26 IST" name="createEditDeleteProduct" finished-at="2023-02-07T15:58:41 IST" duration-ms="14432" status="PASS">
          <reporter-output>
            <line>
              <![CDATA[Product is created]]>
            </line>
            <line>
              <![CDATA[Product is edited successfully]]>
            </line>
            <line>
              <![CDATA[Product is deleted successfully]]>
            </line>
          </reporter-output>
        </test-method> <!-- createEditDeleteProduct -->
        <test-method is-config="true" signature="logoutFromAppln()[pri:0, instance:com.crm.SalesProduct.CreateEditDeleteProduct@6e0f5f7f]" started-at="2023-02-07T15:58:41 IST" name="logoutFromAppln" finished-at="2023-02-07T15:58:43 IST" duration-ms="2119" status="PASS">
          <reporter-output>
          </reporter-output>
        </test-method> <!-- logoutFromAppln -->
        <test-method is-config="true" signature="closeTheBrowser()[pri:0, instance:com.crm.SalesProduct.CreateEditDeleteProduct@6e0f5f7f]" started-at="2023-02-07T15:58:43 IST" name="closeTheBrowser" finished-at="2023-02-07T15:58:43 IST" duration-ms="144" status="PASS">
          <reporter-output>
          </reporter-output>
        </test-method> <!-- closeTheBrowser -->
      </class> <!-- com.crm.SalesProduct.CreateEditDeleteProduct -->
      <class name="com.crm.contacts.CreateContactEditcontactDeleteContact">
        <test-method is-config="true" signature="launchTheBrowser()[pri:0, instance:com.crm.contacts.CreateContactEditcontactDeleteContact@5d0a1059]" started-at="2023-02-07T15:55:33 IST" name="launchTheBrowser" finished-at="2023-02-07T15:55:41 IST" duration-ms="7405" status="PASS">
          <reporter-output>
          </reporter-output>
        </test-method> <!-- launchTheBrowser -->
        <test-method is-config="true" signature="loginToAppln()[pri:0, instance:com.crm.contacts.CreateContactEditcontactDeleteContact@5d0a1059]" started-at="2023-02-07T15:55:41 IST" name="loginToAppln" finished-at="2023-02-07T15:55:47 IST" duration-ms="5996" status="PASS">
          <reporter-output>
          </reporter-output>
        </test-method> <!-- loginToAppln -->
        <test-method signature="createContact()[pri:0, instance:com.crm.contacts.CreateContactEditcontactDeleteContact@5d0a1059]" started-at="2023-02-07T15:55:47 IST" name="createContact" finished-at="2023-02-07T15:56:08 IST" duration-ms="21134" status="PASS">
          <reporter-output>
            <line>
              <![CDATA[contact is created]]>
            </line>
            <line>
              <![CDATA[last name is edited]]>
            </line>
            <line>
              <![CDATA[contact is deleted]]>
            </line>
          </reporter-output>
        </test-method> <!-- createContact -->
        <test-method is-config="true" signature="logoutFromAppln()[pri:0, instance:com.crm.contacts.CreateContactEditcontactDeleteContact@5d0a1059]" started-at="2023-02-07T15:56:08 IST" name="logoutFromAppln" finished-at="2023-02-07T15:56:10 IST" duration-ms="2267" status="PASS">
          <reporter-output>
          </reporter-output>
        </test-method> <!-- logoutFromAppln -->
        <test-method is-config="true" signature="closeTheBrowser()[pri:0, instance:com.crm.contacts.CreateContactEditcontactDeleteContact@5d0a1059]" started-at="2023-02-07T15:56:10 IST" name="closeTheBrowser" finished-at="2023-02-07T15:56:10 IST" duration-ms="178" status="PASS">
          <reporter-output>
          </reporter-output>
        </test-method> <!-- closeTheBrowser -->
      </class> <!-- com.crm.contacts.CreateContactEditcontactDeleteContact -->
      <class name="com.crm.Leads.CreateLeadEditLeadDeleteLead">
        <test-method is-config="true" signature="launchTheBrowser()[pri:0, instance:com.crm.Leads.CreateLeadEditLeadDeleteLead@485966cc]" started-at="2023-02-07T15:56:10 IST" name="launchTheBrowser" finished-at="2023-02-07T15:56:16 IST" duration-ms="5759" status="PASS">
          <reporter-output>
          </reporter-output>
        </test-method> <!-- launchTheBrowser -->
        <test-method is-config="true" signature="loginToAppln()[pri:0, instance:com.crm.Leads.CreateLeadEditLeadDeleteLead@485966cc]" started-at="2023-02-07T15:56:16 IST" name="loginToAppln" finished-at="2023-02-07T15:56:21 IST" duration-ms="5459" status="PASS">
          <reporter-output>
          </reporter-output>
        </test-method> <!-- loginToAppln -->
        <test-method signature="createLeadEditLeadDeleteLead()[pri:0, instance:com.crm.Leads.CreateLeadEditLeadDeleteLead@485966cc]" started-at="2023-02-07T15:56:21 IST" name="createLeadEditLeadDeleteLead" finished-at="2023-02-07T15:56:48 IST" duration-ms="26517" status="PASS">
          <reporter-output>
            <line>
              <![CDATA[Lead is created]]>
            </line>
            <line>
              <![CDATA[Lead last name is edited]]>
            </line>
            <line>
              <![CDATA[Lead is deleted]]>
            </line>
          </reporter-output>
        </test-method> <!-- createLeadEditLeadDeleteLead -->
        <test-method is-config="true" signature="logoutFromAppln()[pri:0, instance:com.crm.Leads.CreateLeadEditLeadDeleteLead@485966cc]" started-at="2023-02-07T15:56:48 IST" name="logoutFromAppln" finished-at="2023-02-07T15:56:49 IST" duration-ms="1083" status="PASS">
          <reporter-output>
          </reporter-output>
        </test-method> <!-- logoutFromAppln -->
        <test-method is-config="true" signature="closeTheBrowser()[pri:0, instance:com.crm.Leads.CreateLeadEditLeadDeleteLead@485966cc]" started-at="2023-02-07T15:56:49 IST" name="closeTheBrowser" finished-at="2023-02-07T15:56:49 IST" duration-ms="145" status="PASS">
          <reporter-output>
          </reporter-output>
        </test-method> <!-- closeTheBrowser -->
      </class> <!-- com.crm.Leads.CreateLeadEditLeadDeleteLead -->
      <class name="com.crm.inventoryContacts.CreateEditDeleteContactTest">
        <test-method is-config="true" signature="launchTheBrowser()[pri:0, instance:com.crm.inventoryContacts.CreateEditDeleteContactTest@5a56cdac]" started-at="2023-02-07T15:57:12 IST" name="launchTheBrowser" finished-at="2023-02-07T15:57:15 IST" duration-ms="3257" status="PASS">
          <reporter-output>
          </reporter-output>
        </test-method> <!-- launchTheBrowser -->
        <test-method is-config="true" signature="loginToAppln()[pri:0, instance:com.crm.inventoryContacts.CreateEditDeleteContactTest@5a56cdac]" started-at="2023-02-07T15:57:15 IST" name="loginToAppln" finished-at="2023-02-07T15:57:19 IST" duration-ms="3187" status="PASS">
          <reporter-output>
          </reporter-output>
        </test-method> <!-- loginToAppln -->
        <test-method signature="createEditDeleteContactTest()[pri:0, instance:com.crm.inventoryContacts.CreateEditDeleteContactTest@5a56cdac]" started-at="2023-02-07T15:57:19 IST" name="createEditDeleteContactTest" finished-at="2023-02-07T15:57:29 IST" duration-ms="10548" status="FAIL">
          <exception class="org.openqa.selenium.ElementNotInteractableException">
            <message>
              <![CDATA[element not interactable
  (Session info: chrome=109.0.5414.120)
Build info: version: '3.141.59', revision: 'e82be7d358', time: '2018-11-14T08:17:03'
System info: host: 'DESKTOP-FODCQ2C', ip: '192.168.1.7', os.name: 'Windows 11', os.arch: 'amd64', os.version: '10.0', java.version: '17.0.6'
Driver info: org.openqa.selenium.chrome.ChromeDriver
Capabilities {acceptInsecureCerts: false, browserName: chrome, browserVersion: 109.0.5414.120, chrome: {chromedriverVersion: 109.0.5414.74 (e7c5703604da..., userDataDir: C:\Users\LENOVO\AppData\Loc...}, goog:chromeOptions: {debuggerAddress: localhost:52640}, javascriptEnabled: true, networkConnectionEnabled: false, pageLoadStrategy: normal, platform: WINDOWS, platformName: WINDOWS, proxy: Proxy(), setWindowRect: true, strictFileInteractability: false, timeouts: {implicit: 0, pageLoad: 300000, script: 30000}, unhandledPromptBehavior: dismiss and notify, webauthn:extension:credBlob: true, webauthn:extension:largeBlob: true, webauthn:virtualAuthenticators: true}
Session ID: 3216b63b89a38e6a6f80d44a19fd9918]]>
            </message>
            <full-stacktrace>
              <![CDATA[org.openqa.selenium.ElementNotInteractableException: element not interactable
  (Session info: chrome=109.0.5414.120)
Build info: version: '3.141.59', revision: 'e82be7d358', time: '2018-11-14T08:17:03'
System info: host: 'DESKTOP-FODCQ2C', ip: '192.168.1.7', os.name: 'Windows 11', os.arch: 'amd64', os.version: '10.0', java.version: '17.0.6'
Driver info: org.openqa.selenium.chrome.ChromeDriver
Capabilities {acceptInsecureCerts: false, browserName: chrome, browserVersion: 109.0.5414.120, chrome: {chromedriverVersion: 109.0.5414.74 (e7c5703604da..., userDataDir: C:\Users\LENOVO\AppData\Loc...}, goog:chromeOptions: {debuggerAddress: localhost:52640}, javascriptEnabled: true, networkConnectionEnabled: false, pageLoadStrategy: normal, platform: WINDOWS, platformName: WINDOWS, proxy: Proxy(), setWindowRect: true, strictFileInteractability: false, timeouts: {implicit: 0, pageLoad: 300000, script: 30000}, unhandledPromptBehavior: dismiss and notify, webauthn:extension:credBlob: true, webauthn:extension:largeBlob: true, webauthn:virtualAuthenticators: true}
Session ID: 3216b63b89a38e6a6f80d44a19fd9918
at java.base/jdk.internal.reflect.NativeConstructorAccessorImpl.newInstance0(Native Method)
at java.base/jdk.internal.reflect.NativeConstructorAccessorImpl.newInstance(NativeConstructorAccessorImpl.java:77)
at java.base/jdk.internal.reflect.DelegatingConstructorAccessorImpl.newInstance(DelegatingConstructorAccessorImpl.java:45)
at java.base/java.lang.reflect.Constructor.newInstanceWithCaller(Constructor.java:499)
at java.base/java.lang.reflect.Constructor.newInstance(Constructor.java:480)
at org.openqa.selenium.remote.http.W3CHttpResponseCodec.createException(W3CHttpResponseCodec.java:187)
at org.openqa.selenium.remote.http.W3CHttpResponseCodec.decode(W3CHttpResponseCodec.java:122)
at org.openqa.selenium.remote.http.W3CHttpResponseCodec.decode(W3CHttpResponseCodec.java:49)
at org.openqa.selenium.remote.HttpCommandExecutor.execute(HttpCommandExecutor.java:158)
at org.openqa.selenium.remote.service.DriverCommandExecutor.execute(DriverCommandExecutor.java:83)
at org.openqa.selenium.remote.RemoteWebDriver.execute(RemoteWebDriver.java:552)
at org.openqa.selenium.remote.RemoteWebElement.execute(RemoteWebElement.java:285)
at org.openqa.selenium.remote.RemoteWebElement.sendKeys(RemoteWebElement.java:106)
at jdk.internal.reflect.GeneratedMethodAccessor2.invoke(Unknown Source)
at java.base/jdk.internal.reflect.DelegatingMethodAccessorImpl.invoke(DelegatingMethodAccessorImpl.java:43)
at java.base/java.lang.reflect.Method.invoke(Method.java:568)
at org.openqa.selenium.support.pagefactory.internal.LocatingElementHandler.invoke(LocatingElementHandler.java:51)
at jdk.proxy2/jdk.proxy2.$Proxy16.sendKeys(Unknown Source)
at com.crm.INventoryContactObjectRepo.AddContactPage.OrgLKPmyTitle(AddContactPage.java:63)
at com.crm.inventoryContacts.CreateEditDeleteContactTest.createEditDeleteContactTest(CreateEditDeleteContactTest.java:42)
at java.base/jdk.internal.reflect.NativeMethodAccessorImpl.invoke0(Native Method)
at java.base/jdk.internal.reflect.NativeMethodAccessorImpl.invoke(NativeMethodAccessorImpl.java:77)
at java.base/jdk.internal.reflect.DelegatingMethodAccessorImpl.invoke(DelegatingMethodAccessorImpl.java:43)
at java.base/java.lang.reflect.Method.invoke(Method.java:568)
at org.testng.internal.MethodInvocationHelper.invokeMethod(MethodInvocationHelper.java:133)
at org.testng.internal.TestInvoker.invokeMethod(TestInvoker.java:598)
at org.testng.internal.TestInvoker.invokeTestMethod(TestInvoker.java:173)
at org.testng.internal.MethodRunner.runInSequence(MethodRunner.java:46)
at org.testng.internal.TestInvoker$MethodInvocationAgent.invoke(TestInvoker.java:824)
at org.testng.internal.TestInvoker.invokeTestMethods(TestInvoker.java:146)
at org.testng.internal.TestMethodWorker.invokeTestMethods(TestMethodWorker.java:146)
at org.testng.internal.TestMethodWorker.run(TestMethodWorker.java:128)
at java.base/java.util.ArrayList.forEach(ArrayList.java:1511)
at org.testng.TestRunner.privateRun(TestRunner.java:794)
at org.testng.TestRunner.run(TestRunner.java:596)
at org.testng.SuiteRunner.runTest(SuiteRunner.java:377)
at org.testng.SuiteRunner.runSequentially(SuiteRunner.java:371)
at org.testng.SuiteRunner.privateRun(SuiteRunner.java:332)
at org.testng.SuiteRunner.run(SuiteRunner.java:276)
at org.testng.SuiteRunnerWorker.runSuite(SuiteRunnerWorker.java:53)
at org.testng.SuiteRunnerWorker.run(SuiteRunnerWorker.java:96)
at org.testng.TestNG.runSuitesSequentially(TestNG.java:1212)
at org.testng.TestNG.runSuitesLocally(TestNG.java:1134)
at org.testng.TestNG.runSuites(TestNG.java:1063)
at org.testng.TestNG.run(TestNG.java:1031)
at org.testng.remote.AbstractRemoteTestNG.run(AbstractRemoteTestNG.java:115)
at org.testng.remote.RemoteTestNG.initAndRun(RemoteTestNG.java:251)
at org.testng.remote.RemoteTestNG.main(RemoteTestNG.java:77)
]]>
            </full-stacktrace>
          </exception> <!-- org.openqa.selenium.ElementNotInteractableException -->
          <reporter-output>
          </reporter-output>
        </test-method> <!-- createEditDeleteContactTest -->
        <test-method is-config="true" signature="logoutFromAppln()[pri:0, instance:com.crm.inventoryContacts.CreateEditDeleteContactTest@5a56cdac]" started-at="2023-02-07T15:57:29 IST" name="logoutFromAppln" finished-at="2023-02-07T15:57:30 IST" duration-ms="1151" status="FAIL">
          <exception class="org.openqa.selenium.ElementClickInterceptedException">
            <message>
              <![CDATA[element click intercepted: Element <a id="menubar_item_right_LBL_SIGN_OUT" href="index.php?module=Users&amp;action=Logout">...</a> is not clickable at point (1469, 177). Other element would receive the click: <div data-notify="container" class="col-xs-11 col-sm-3 vt-notification vt-notification-info" role="alert" data-notify-position="top-right" style="display: inline-block; margin: 0px auto; position: absolute; transition: all 0.5s ease-in-out 0s; z-index: 10003; top: 134.8px; right: 50px;">...</div>
  (Session info: chrome=109.0.5414.120)
Build info: version: '3.141.59', revision: 'e82be7d358', time: '2018-11-14T08:17:03'
System info: host: 'DESKTOP-FODCQ2C', ip: '192.168.1.7', os.name: 'Windows 11', os.arch: 'amd64', os.version: '10.0', java.version: '17.0.6'
Driver info: org.openqa.selenium.chrome.ChromeDriver
Capabilities {acceptInsecureCerts: false, browserName: chrome, browserVersion: 109.0.5414.120, chrome: {chromedriverVersion: 109.0.5414.74 (e7c5703604da..., userDataDir: C:\Users\LENOVO\AppData\Loc...}, goog:chromeOptions: {debuggerAddress: localhost:52640}, javascriptEnabled: true, networkConnectionEnabled: false, pageLoadStrategy: normal, platform: WINDOWS, platformName: WINDOWS, proxy: Proxy(), setWindowRect: true, strictFileInteractability: false, timeouts: {implicit: 0, pageLoad: 300000, script: 30000}, unhandledPromptBehavior: dismiss and notify, webauthn:extension:credBlob: true, webauthn:extension:largeBlob: true, webauthn:virtualAuthenticators: true}
Session ID: 3216b63b89a38e6a6f80d44a19fd9918]]>
            </message>
            <full-stacktrace>
              <![CDATA[org.openqa.selenium.ElementClickInterceptedException: element click intercepted: Element <a id="menubar_item_right_LBL_SIGN_OUT" href="index.php?module=Users&amp;action=Logout">...</a> is not clickable at point (1469, 177). Other element would receive the click: <div data-notify="container" class="col-xs-11 col-sm-3 vt-notification vt-notification-info" role="alert" data-notify-position="top-right" style="display: inline-block; margin: 0px auto; position: absolute; transition: all 0.5s ease-in-out 0s; z-index: 10003; top: 134.8px; right: 50px;">...</div>
  (Session info: chrome=109.0.5414.120)
Build info: version: '3.141.59', revision: 'e82be7d358', time: '2018-11-14T08:17:03'
System info: host: 'DESKTOP-FODCQ2C', ip: '192.168.1.7', os.name: 'Windows 11', os.arch: 'amd64', os.version: '10.0', java.version: '17.0.6'
Driver info: org.openqa.selenium.chrome.ChromeDriver
Capabilities {acceptInsecureCerts: false, browserName: chrome, browserVersion: 109.0.5414.120, chrome: {chromedriverVersion: 109.0.5414.74 (e7c5703604da..., userDataDir: C:\Users\LENOVO\AppData\Loc...}, goog:chromeOptions: {debuggerAddress: localhost:52640}, javascriptEnabled: true, networkConnectionEnabled: false, pageLoadStrategy: normal, platform: WINDOWS, platformName: WINDOWS, proxy: Proxy(), setWindowRect: true, strictFileInteractability: false, timeouts: {implicit: 0, pageLoad: 300000, script: 30000}, unhandledPromptBehavior: dismiss and notify, webauthn:extension:credBlob: true, webauthn:extension:largeBlob: true, webauthn:virtualAuthenticators: true}
Session ID: 3216b63b89a38e6a6f80d44a19fd9918
at java.base/jdk.internal.reflect.NativeConstructorAccessorImpl.newInstance0(Native Method)
at java.base/jdk.internal.reflect.NativeConstructorAccessorImpl.newInstance(NativeConstructorAccessorImpl.java:77)
at java.base/jdk.internal.reflect.DelegatingConstructorAccessorImpl.newInstance(DelegatingConstructorAccessorImpl.java:45)
at java.base/java.lang.reflect.Constructor.newInstanceWithCaller(Constructor.java:499)
at java.base/java.lang.reflect.Constructor.newInstance(Constructor.java:480)
at org.openqa.selenium.remote.http.W3CHttpResponseCodec.createException(W3CHttpResponseCodec.java:187)
at org.openqa.selenium.remote.http.W3CHttpResponseCodec.decode(W3CHttpResponseCodec.java:122)
at org.openqa.selenium.remote.http.W3CHttpResponseCodec.decode(W3CHttpResponseCodec.java:49)
at org.openqa.selenium.remote.HttpCommandExecutor.execute(HttpCommandExecutor.java:158)
at org.openqa.selenium.remote.service.DriverCommandExecutor.execute(DriverCommandExecutor.java:83)
at org.openqa.selenium.remote.RemoteWebDriver.execute(RemoteWebDriver.java:552)
at org.openqa.selenium.remote.RemoteWebElement.execute(RemoteWebElement.java:285)
at org.openqa.selenium.remote.RemoteWebElement.click(RemoteWebElement.java:84)
at jdk.internal.reflect.GeneratedMethodAccessor1.invoke(Unknown Source)
at java.base/jdk.internal.reflect.DelegatingMethodAccessorImpl.invoke(DelegatingMethodAccessorImpl.java:43)
at java.base/java.lang.reflect.Method.invoke(Method.java:568)
at org.openqa.selenium.support.pagefactory.internal.LocatingElementHandler.invoke(LocatingElementHandler.java:51)
at jdk.proxy2/jdk.proxy2.$Proxy16.click(Unknown Source)
at LoginHomeMenoObjectRepo.HomePage.signoutfromApp(HomePage.java:46)
at com.crm.genericUtilities.BaseClass.logoutFromAppln(BaseClass.java:100)
at java.base/jdk.internal.reflect.NativeMethodAccessorImpl.invoke0(Native Method)
at java.base/jdk.internal.reflect.NativeMethodAccessorImpl.invoke(NativeMethodAccessorImpl.java:77)
at java.base/jdk.internal.reflect.DelegatingMethodAccessorImpl.invoke(DelegatingMethodAccessorImpl.java:43)
at java.base/java.lang.reflect.Method.invoke(Method.java:568)
at org.testng.internal.MethodInvocationHelper.invokeMethod(MethodInvocationHelper.java:133)
at org.testng.internal.MethodInvocationHelper.invokeMethodConsideringTimeout(MethodInvocationHelper.java:62)
at org.testng.internal.ConfigInvoker.invokeConfigurationMethod(ConfigInvoker.java:385)
at org.testng.internal.ConfigInvoker.invokeConfigurations(ConfigInvoker.java:321)
at org.testng.internal.TestInvoker.runConfigMethods(TestInvoker.java:700)
at org.testng.internal.TestInvoker.runAfterGroupsConfigurations(TestInvoker.java:676)
at org.testng.internal.TestInvoker.invokeMethod(TestInvoker.java:660)
at org.testng.internal.TestInvoker.invokeTestMethod(TestInvoker.java:173)
at org.testng.internal.MethodRunner.runInSequence(MethodRunner.java:46)
at org.testng.internal.TestInvoker$MethodInvocationAgent.invoke(TestInvoker.java:824)
at org.testng.internal.TestInvoker.invokeTestMethods(TestInvoker.java:146)
at org.testng.internal.TestMethodWorker.invokeTestMethods(TestMethodWorker.java:146)
at org.testng.internal.TestMethodWorker.run(TestMethodWorker.java:128)
at java.base/java.util.ArrayList.forEach(ArrayList.java:1511)
at org.testng.TestRunner.privateRun(TestRunner.java:794)
at org.testng.TestRunner.run(TestRunner.java:596)
at org.testng.SuiteRunner.runTest(SuiteRunner.java:377)
at org.testng.SuiteRunner.runSequentially(SuiteRunner.java:371)
at org.testng.SuiteRunner.privateRun(SuiteRunner.java:332)
at org.testng.SuiteRunner.run(SuiteRunner.java:276)
at org.testng.SuiteRunnerWorker.runSuite(SuiteRunnerWorker.java:53)
at org.testng.SuiteRunnerWorker.run(SuiteRunnerWorker.java:96)
at org.testng.TestNG.runSuitesSequentially(TestNG.java:1212)
at org.testng.TestNG.runSuitesLocally(TestNG.java:1134)
at org.testng.TestNG.runSuites(TestNG.java:1063)
at org.testng.TestNG.run(TestNG.java:1031)
at org.testng.remote.AbstractRemoteTestNG.run(AbstractRemoteTestNG.java:115)
at org.testng.remote.RemoteTestNG.initAndRun(RemoteTestNG.java:251)
at org.testng.remote.RemoteTestNG.main(RemoteTestNG.java:77)
]]>
            </full-stacktrace>
          </exception> <!-- org.openqa.selenium.ElementClickInterceptedException -->
          <reporter-output>
          </reporter-output>
        </test-method> <!-- logoutFromAppln -->
        <test-method is-config="true" signature="closeTheBrowser()[pri:0, instance:com.crm.inventoryContacts.CreateEditDeleteContactTest@5a56cdac]" started-at="2023-02-07T15:57:30 IST" name="closeTheBrowser" finished-at="1970-01-01T05:30:00 IST" duration-ms="-1675765650804" status="SKIP">
          <reporter-output>
          </reporter-output>
        </test-method> <!-- closeTheBrowser -->
      </class> <!-- com.crm.inventoryContacts.CreateEditDeleteContactTest -->
      <class name="com.crm.InventoryProducts.CreateEditDeleteProducts">
        <test-method is-config="true" signature="launchTheBrowser()[pri:0, instance:com.crm.InventoryProducts.CreateEditDeleteProducts@3ee37e5a]" started-at="2023-02-07T15:59:05 IST" name="launchTheBrowser" finished-at="2023-02-07T15:59:08 IST" duration-ms="3187" status="PASS">
          <reporter-output>
          </reporter-output>
        </test-method> <!-- launchTheBrowser -->
        <test-method is-config="true" signature="loginToAppln()[pri:0, instance:com.crm.InventoryProducts.CreateEditDeleteProducts@3ee37e5a]" started-at="2023-02-07T15:59:08 IST" name="loginToAppln" finished-at="2023-02-07T15:59:12 IST" duration-ms="3181" status="PASS">
          <reporter-output>
          </reporter-output>
        </test-method> <!-- loginToAppln -->
        <test-method signature="createEditDeleteProducts()[pri:0, instance:com.crm.InventoryProducts.CreateEditDeleteProducts@3ee37e5a]" started-at="2023-02-07T15:59:12 IST" name="createEditDeleteProducts" finished-at="2023-02-07T15:59:25 IST" duration-ms="13371" status="PASS">
          <reporter-output>
            <line>
              <![CDATA[Product is successfully created]]>
            </line>
            <line>
              <![CDATA[product is successfully edited]]>
            </line>
            <line>
              <![CDATA[product is successfully deleted]]>
            </line>
          </reporter-output>
        </test-method> <!-- createEditDeleteProducts -->
        <test-method is-config="true" signature="logoutFromAppln()[pri:0, instance:com.crm.InventoryProducts.CreateEditDeleteProducts@3ee37e5a]" started-at="2023-02-07T15:59:25 IST" name="logoutFromAppln" finished-at="2023-02-07T15:59:27 IST" duration-ms="2125" status="PASS">
          <reporter-output>
          </reporter-output>
        </test-method> <!-- logoutFromAppln -->
        <test-method is-config="true" signature="closeTheBrowser()[pri:0, instance:com.crm.InventoryProducts.CreateEditDeleteProducts@3ee37e5a]" started-at="2023-02-07T15:59:27 IST" name="closeTheBrowser" finished-at="2023-02-07T15:59:27 IST" duration-ms="134" status="PASS">
          <reporter-output>
          </reporter-output>
        </test-method> <!-- closeTheBrowser -->
      </class> <!-- com.crm.InventoryProducts.CreateEditDeleteProducts -->
      <class name="com.crm.inventoryVendors.CreateEditDeleteVendorTest">
        <test-method is-config="true" signature="launchTheBrowser()[pri:0, instance:com.crm.inventoryVendors.CreateEditDeleteVendorTest@2ea41516]" started-at="2023-02-07T15:59:27 IST" name="launchTheBrowser" finished-at="2023-02-07T15:59:33 IST" duration-ms="6194" status="PASS">
          <reporter-output>
          </reporter-output>
        </test-method> <!-- launchTheBrowser -->
        <test-method is-config="true" signature="loginToAppln()[pri:0, instance:com.crm.inventoryVendors.CreateEditDeleteVendorTest@2ea41516]" started-at="2023-02-07T15:59:33 IST" name="loginToAppln" finished-at="2023-02-07T15:59:40 IST" duration-ms="6842" status="PASS">
          <reporter-output>
          </reporter-output>
        </test-method> <!-- loginToAppln -->
        <test-method signature="createEditDeleteVendorTest()[pri:0, instance:com.crm.inventoryVendors.CreateEditDeleteVendorTest@2ea41516]" started-at="2023-02-07T15:59:40 IST" name="createEditDeleteVendorTest" finished-at="2023-02-07T15:59:56 IST" duration-ms="15815" status="PASS">
          <reporter-output>
            <line>
              <![CDATA[Vendor is successfully created]]>
            </line>
            <line>
              <![CDATA[Vendor is successfully edited]]>
            </line>
            <line>
              <![CDATA[Vendor is successfully Deleted]]>
            </line>
          </reporter-output>
        </test-method> <!-- createEditDeleteVendorTest -->
        <test-method is-config="true" signature="logoutFromAppln()[pri:0, instance:com.crm.inventoryVendors.CreateEditDeleteVendorTest@2ea41516]" started-at="2023-02-07T15:59:56 IST" name="logoutFromAppln" finished-at="2023-02-07T15:59:58 IST" duration-ms="2030" status="PASS">
          <reporter-output>
          </reporter-output>
        </test-method> <!-- logoutFromAppln -->
        <test-method is-config="true" signature="closeTheBrowser()[pri:0, instance:com.crm.inventoryVendors.CreateEditDeleteVendorTest@2ea41516]" started-at="2023-02-07T15:59:58 IST" name="closeTheBrowser" finished-at="2023-02-07T15:59:58 IST" duration-ms="121" status="PASS">
          <reporter-output>
          </reporter-output>
        </test-method> <!-- closeTheBrowser -->
      </class> <!-- com.crm.inventoryVendors.CreateEditDeleteVendorTest -->
      <class name="com.crm.SalesContacts.CreateEditDeleteSalesContactTest">
        <test-method is-config="true" signature="launchTheBrowser()[pri:0, instance:com.crm.SalesContacts.CreateEditDeleteSalesContactTest@2805d709]" started-at="2023-02-07T15:58:43 IST" name="launchTheBrowser" finished-at="2023-02-07T15:58:45 IST" duration-ms="2130" status="PASS">
          <reporter-output>
          </reporter-output>
        </test-method> <!-- launchTheBrowser -->
        <test-method is-config="true" signature="loginToAppln()[pri:0, instance:com.crm.SalesContacts.CreateEditDeleteSalesContactTest@2805d709]" started-at="2023-02-07T15:58:45 IST" name="loginToAppln" finished-at="2023-02-07T15:58:48 IST" duration-ms="2223" status="PASS">
          <reporter-output>
          </reporter-output>
        </test-method> <!-- loginToAppln -->
        <test-method signature="createEditDeleteSalesContactTest()[pri:0, instance:com.crm.SalesContacts.CreateEditDeleteSalesContactTest@2805d709]" started-at="2023-02-07T15:58:48 IST" name="createEditDeleteSalesContactTest" finished-at="2023-02-07T15:59:04 IST" duration-ms="16171" status="PASS">
          <reporter-output>
            <line>
              <![CDATA[contact is created]]>
            </line>
            <line>
              <![CDATA[contact is edited successfully]]>
            </line>
            <line>
              <![CDATA[contact is deleted successfully]]>
            </line>
          </reporter-output>
        </test-method> <!-- createEditDeleteSalesContactTest -->
        <test-method is-config="true" signature="logoutFromAppln()[pri:0, instance:com.crm.SalesContacts.CreateEditDeleteSalesContactTest@2805d709]" started-at="2023-02-07T15:59:04 IST" name="logoutFromAppln" finished-at="2023-02-07T15:59:05 IST" duration-ms="1332" status="PASS">
          <reporter-output>
          </reporter-output>
        </test-method> <!-- logoutFromAppln -->
        <test-method is-config="true" signature="closeTheBrowser()[pri:0, instance:com.crm.SalesContacts.CreateEditDeleteSalesContactTest@2805d709]" started-at="2023-02-07T15:59:05 IST" name="closeTheBrowser" finished-at="2023-02-07T15:59:05 IST" duration-ms="129" status="PASS">
          <reporter-output>
          </reporter-output>
        </test-method> <!-- closeTheBrowser -->
      </class> <!-- com.crm.SalesContacts.CreateEditDeleteSalesContactTest -->
      <class name="com.crm.organisation.CreateEditDeleteOrganisation">
        <test-method is-config="true" signature="dbConfig()[pri:0, instance:com.crm.organisation.CreateEditDeleteOrganisation@209da20d]" started-at="2023-02-07T15:54:57 IST" name="dbConfig" finished-at="2023-02-07T15:54:57 IST" duration-ms="7" status="PASS">
          <reporter-output>
          </reporter-output>
        </test-method> <!-- dbConfig -->
        <test-method is-config="true" signature="launchTheBrowser()[pri:0, instance:com.crm.organisation.CreateEditDeleteOrganisation@209da20d]" started-at="2023-02-07T15:54:57 IST" name="launchTheBrowser" finished-at="2023-02-07T15:55:05 IST" duration-ms="7476" status="PASS">
          <reporter-output>
          </reporter-output>
        </test-method> <!-- launchTheBrowser -->
        <test-method is-config="true" signature="loginToAppln()[pri:0, instance:com.crm.organisation.CreateEditDeleteOrganisation@209da20d]" started-at="2023-02-07T15:55:05 IST" name="loginToAppln" finished-at="2023-02-07T15:55:10 IST" duration-ms="5590" status="PASS">
          <reporter-output>
          </reporter-output>
        </test-method> <!-- loginToAppln -->
        <test-method signature="createEditDeleteOrganisation()[pri:0, instance:com.crm.organisation.CreateEditDeleteOrganisation@209da20d]" started-at="2023-02-07T15:55:10 IST" name="createEditDeleteOrganisation" finished-at="2023-02-07T15:55:31 IST" duration-ms="20330" status="PASS">
          <reporter-output>
            <line>
              <![CDATA[organisation is created]]>
            </line>
            <line>
              <![CDATA[organisation name is successfully edited]]>
            </line>
            <line>
              <![CDATA[Organisation is successfully deleted]]>
            </line>
          </reporter-output>
        </test-method> <!-- createEditDeleteOrganisation -->
        <test-method is-config="true" signature="logoutFromAppln()[pri:0, instance:com.crm.organisation.CreateEditDeleteOrganisation@209da20d]" started-at="2023-02-07T15:55:31 IST" name="logoutFromAppln" finished-at="2023-02-07T15:55:33 IST" duration-ms="2397" status="PASS">
          <reporter-output>
          </reporter-output>
        </test-method> <!-- logoutFromAppln -->
        <test-method is-config="true" signature="closeTheBrowser()[pri:0, instance:com.crm.organisation.CreateEditDeleteOrganisation@209da20d]" started-at="2023-02-07T15:55:33 IST" name="closeTheBrowser" finished-at="2023-02-07T15:55:33 IST" duration-ms="165" status="PASS">
          <reporter-output>
          </reporter-output>
        </test-method> <!-- closeTheBrowser -->
        <test-method is-config="true" signature="closeDBconfig()[pri:0, instance:com.crm.organisation.CreateEditDeleteOrganisation@209da20d]" started-at="2023-02-07T15:59:58 IST" name="closeDBconfig" finished-at="2023-02-07T15:59:58 IST" duration-ms="1" status="PASS">
          <reporter-output>
          </reporter-output>
        </test-method> <!-- closeDBconfig -->
      </class> <!-- com.crm.organisation.CreateEditDeleteOrganisation -->
      <class name="com.crm.SalesOrganisation.CreateEditDeleteOrganisationTest">
        <test-method is-config="true" signature="launchTheBrowser()[pri:0, instance:com.crm.SalesOrganisation.CreateEditDeleteOrganisationTest@37d4349f]" started-at="2023-02-07T15:57:30 IST" name="launchTheBrowser" finished-at="2023-02-07T15:57:33 IST" duration-ms="3143" status="PASS">
          <reporter-output>
          </reporter-output>
        </test-method> <!-- launchTheBrowser -->
        <test-method is-config="true" signature="loginToAppln()[pri:0, instance:com.crm.SalesOrganisation.CreateEditDeleteOrganisationTest@37d4349f]" started-at="2023-02-07T15:57:33 IST" name="loginToAppln" finished-at="2023-02-07T15:57:37 IST" duration-ms="3153" status="PASS">
          <reporter-output>
          </reporter-output>
        </test-method> <!-- loginToAppln -->
        <test-method signature="createEditDeleteTest()[pri:0, instance:com.crm.SalesOrganisation.CreateEditDeleteOrganisationTest@37d4349f]" started-at="2023-02-07T15:57:37 IST" name="createEditDeleteTest" finished-at="2023-02-07T15:57:55 IST" duration-ms="18405" status="PASS">
          <reporter-output>
            <line>
              <![CDATA[Organisation is created]]>
            </line>
            <line>
              <![CDATA[Organisation is edited successfully]]>
            </line>
            <line>
              <![CDATA[Organisation is deleted successfully]]>
            </line>
          </reporter-output>
        </test-method> <!-- createEditDeleteTest -->
        <test-method is-config="true" signature="logoutFromAppln()[pri:0, instance:com.crm.SalesOrganisation.CreateEditDeleteOrganisationTest@37d4349f]" started-at="2023-02-07T15:57:55 IST" name="logoutFromAppln" finished-at="2023-02-07T15:57:57 IST" duration-ms="2012" status="PASS">
          <reporter-output>
          </reporter-output>
        </test-method> <!-- logoutFromAppln -->
        <test-method is-config="true" signature="closeTheBrowser()[pri:0, instance:com.crm.SalesOrganisation.CreateEditDeleteOrganisationTest@37d4349f]" started-at="2023-02-07T15:57:57 IST" name="closeTheBrowser" finished-at="2023-02-07T15:57:57 IST" duration-ms="140" status="PASS">
          <reporter-output>
          </reporter-output>
        </test-method> <!-- closeTheBrowser -->
      </class> <!-- com.crm.SalesOrganisation.CreateEditDeleteOrganisationTest -->
      <class name="com.crm.createCampaigns.CreateCampaignTest">
        <test-method is-config="true" signature="launchTheBrowser()[pri:0, instance:com.crm.createCampaigns.CreateCampaignTest@1de76cc7]" started-at="2023-02-07T15:56:49 IST" name="launchTheBrowser" finished-at="2023-02-07T15:56:51 IST" duration-ms="2147" status="PASS">
          <reporter-output>
          </reporter-output>
        </test-method> <!-- launchTheBrowser -->
        <test-method is-config="true" signature="loginToAppln()[pri:0, instance:com.crm.createCampaigns.CreateCampaignTest@1de76cc7]" started-at="2023-02-07T15:56:51 IST" name="loginToAppln" finished-at="2023-02-07T15:56:54 IST" duration-ms="3188" status="PASS">
          <reporter-output>
          </reporter-output>
        </test-method> <!-- loginToAppln -->
        <test-method signature="createCampaignTest()[pri:0, instance:com.crm.createCampaigns.CreateCampaignTest@1de76cc7]" started-at="2023-02-07T15:56:54 IST" name="createCampaignTest" finished-at="2023-02-07T15:57:11 IST" duration-ms="16397" status="PASS">
          <reporter-output>
            <line>
              <![CDATA[Campaign is created]]>
            </line>
            <line>
              <![CDATA[Campaign is edited]]>
            </line>
            <line>
              <![CDATA[Campaign is deleted]]>
            </line>
          </reporter-output>
        </test-method> <!-- createCampaignTest -->
        <test-method is-config="true" signature="logoutFromAppln()[pri:0, instance:com.crm.createCampaigns.CreateCampaignTest@1de76cc7]" started-at="2023-02-07T15:57:11 IST" name="logoutFromAppln" finished-at="2023-02-07T15:57:12 IST" duration-ms="1117" status="PASS">
          <reporter-output>
          </reporter-output>
        </test-method> <!-- logoutFromAppln -->
        <test-method is-config="true" signature="closeTheBrowser()[pri:0, instance:com.crm.createCampaigns.CreateCampaignTest@1de76cc7]" started-at="2023-02-07T15:57:12 IST" name="closeTheBrowser" finished-at="2023-02-07T15:57:12 IST" duration-ms="144" status="PASS">
          <reporter-output>
          </reporter-output>
        </test-method> <!-- closeTheBrowser -->
      </class> <!-- com.crm.createCampaigns.CreateCampaignTest -->
      <class name="com.crm.InventoryOrganisation.CreateEditDeleteOrganisationTest">
        <test-method is-config="true" signature="launchTheBrowser()[pri:0, instance:com.crm.InventoryOrganisation.CreateEditDeleteOrganisationTest@434a63ab]" started-at="2023-02-07T15:57:57 IST" name="launchTheBrowser" finished-at="2023-02-07T15:58:00 IST" duration-ms="3264" status="PASS">
          <reporter-output>
          </reporter-output>
        </test-method> <!-- launchTheBrowser -->
        <test-method is-config="true" signature="loginToAppln()[pri:0, instance:com.crm.InventoryOrganisation.CreateEditDeleteOrganisationTest@434a63ab]" started-at="2023-02-07T15:58:00 IST" name="loginToAppln" finished-at="2023-02-07T15:58:04 IST" duration-ms="3159" status="PASS">
          <reporter-output>
          </reporter-output>
        </test-method> <!-- loginToAppln -->
        <test-method signature="createEditDeleteOrganisationTest()[pri:0, instance:com.crm.InventoryOrganisation.CreateEditDeleteOrganisationTest@434a63ab]" started-at="2023-02-07T15:58:04 IST" name="createEditDeleteOrganisationTest" finished-at="2023-02-07T15:58:18 IST" duration-ms="14444" status="PASS">
          <reporter-output>
            <line>
              <![CDATA[Organisation is created]]>
            </line>
            <line>
              <![CDATA[Organisation is edited successfully]]>
            </line>
            <line>
              <![CDATA[Organisation is deleted successfully]]>
            </line>
          </reporter-output>
        </test-method> <!-- createEditDeleteOrganisationTest -->
        <test-method is-config="true" signature="logoutFromAppln()[pri:0, instance:com.crm.InventoryOrganisation.CreateEditDeleteOrganisationTest@434a63ab]" started-at="2023-02-07T15:58:18 IST" name="logoutFromAppln" finished-at="2023-02-07T15:58:20 IST" duration-ms="1991" status="PASS">
          <reporter-output>
          </reporter-output>
        </test-method> <!-- logoutFromAppln -->
        <test-method is-config="true" signature="closeTheBrowser()[pri:0, instance:com.crm.InventoryOrganisation.CreateEditDeleteOrganisationTest@434a63ab]" started-at="2023-02-07T15:58:20 IST" name="closeTheBrowser" finished-at="2023-02-07T15:58:20 IST" duration-ms="138" status="PASS">
          <reporter-output>
          </reporter-output>
        </test-method> <!-- closeTheBrowser -->
      </class> <!-- com.crm.InventoryOrganisation.CreateEditDeleteOrganisationTest -->
    </test> <!-- Test -->
  </suite> <!-- Suite -->
</testng-results>
